<?xml version="1.0" encoding="UTF-8"?>
<!-- Generated by org.testng.reporters.JUnitXMLReporter -->
<testsuite ignored="0" hostname="Apples-MacBook-Pro-2.local" failures="0" tests="0" name="Surefire test" time="8.077" errors="0" timestamp="2025-10-06T11:18:47 IST">
  <testcase classname="io.cucumber.testng.AbstractTestNGCucumberTests" name="@BeforeClass setUpClass" time="8.049">
    <failure type="org.openqa.selenium.SessionNotCreatedException" message="Could not start a new session. Response code 500. Message: No Chromedriver found that can automate Chrome &amp;apos;140.0.7339&amp;apos;. You could also try to enable automated chromedrivers download as a possible workaround. 
Host info: host: &amp;apos;Apples-MacBook-Pro-2.local&amp;apos;, ip: &amp;apos;fe80:0:0:0:8b2:fe82:97ca:d201%en0&amp;apos;
Build info: version: &amp;apos;4.27.0&amp;apos;, revision: &amp;apos;d6e718d134&amp;apos;
System info: os.name: &amp;apos;Mac OS X&amp;apos;, os.arch: &amp;apos;x86_64&amp;apos;, os.version: &amp;apos;26.0.1&amp;apos;, java.version: &amp;apos;24.0.2&amp;apos;
Driver info: io.appium.java_client.AppiumDriver
Command: [null, newSession {capabilities=[Capabilities {appium:automationName: UiAutomator2, appium:browserName: Chrome, appium:chromedriverAutodownload: true, appium:deviceName: RZ8T31G8AMT, appium:forceAppLaunch: true, appium:noReset: true, platformName: ANDROID}]}]
Capabilities {appium:automationName: UiAutomator2, appium:browserName: Chrome, appium:chromedriverAutodownload: true, appium:deviceName: RZ8T31G8AMT, appium:forceAppLaunch: true, appium:noReset: true, platformName: ANDROID}">
      <![CDATA[org.openqa.selenium.SessionNotCreatedException: Could not start a new session. Response code 500. Message: No Chromedriver found that can automate Chrome '140.0.7339'. You could also try to enable automated chromedrivers download as a possible workaround. 
Host info: host: 'Apples-MacBook-Pro-2.local', ip: 'fe80:0:0:0:8b2:fe82:97ca:d201%en0'
Build info: version: '4.27.0', revision: 'd6e718d134'
System info: os.name: 'Mac OS X', os.arch: 'x86_64', os.version: '26.0.1', java.version: '24.0.2'
Driver info: io.appium.java_client.AppiumDriver
Command: [null, newSession {capabilities=[Capabilities {appium:automationName: UiAutomator2, appium:browserName: Chrome, appium:chromedriverAutodownload: true, appium:deviceName: RZ8T31G8AMT, appium:forceAppLaunch: true, appium:noReset: true, platformName: ANDROID}]}]
Capabilities {appium:automationName: UiAutomator2, appium:browserName: Chrome, appium:chromedriverAutodownload: true, appium:deviceName: RZ8T31G8AMT, appium:forceAppLaunch: true, appium:noReset: true, platformName: ANDROID}
at org.openqa.selenium.remote.ProtocolHandshake.createSession(ProtocolHandshake.java:114)
at org.openqa.selenium.remote.ProtocolHandshake.createSession(ProtocolHandshake.java:75)
at org.openqa.selenium.remote.ProtocolHandshake.createSession(ProtocolHandshake.java:61)
at io.appium.java_client.remote.AppiumCommandExecutor.createSession(AppiumCommandExecutor.java:176)
at io.appium.java_client.remote.AppiumCommandExecutor.execute(AppiumCommandExecutor.java:237)
at org.openqa.selenium.remote.RemoteWebDriver.execute(RemoteWebDriver.java:545)
at io.appium.java_client.AppiumDriver.startSession(AppiumDriver.java:270)
at org.openqa.selenium.remote.RemoteWebDriver.<init>(RemoteWebDriver.java:174)
at io.appium.java_client.AppiumDriver.<init>(AppiumDriver.java:91)
at io.appium.java_client.AppiumDriver.<init>(AppiumDriver.java:103)
at hooks.Hooks.initializeDriver(Hooks.java:82)
at hooks.Hooks.initilize(Hooks.java:34)
]]>
    </failure>
  </testcase> <!-- @BeforeClass setUpClass -->
</testsuite> <!-- Surefire test -->
