<?xml version="1.0" encoding="UTF-8"?>
<testsuite xmlns:xsi="http://www.w3.org/2001/XMLSchema-instance" xsi:noNamespaceSchemaLocation="https://maven.apache.org/surefire/maven-surefire-plugin/xsd/surefire-test-report-3.0.xsd" version="3.0" name="TestSuite" time="8.439" tests="1" errors="0" skipped="0" failures="1">
  <properties>
[...]
</properties>
  <testcase name="setUpClass[org.testng.TestRunner@7668d560](0)" classname="runner.TestRunner" time="8.336">
    <failure message="Could not start a new session. Response code 500. Message: No Chromedriver found that can automate Chrome &apos;140.0.7339&apos;. You could also try to enable automated chromedrivers download as a possible workaround. &#10;Host info: host: &apos;Apples-MacBook-Pro-2.local&apos;, ip: &apos;fe80:0:0:0:8b2:fe82:97ca:d201%en0&apos;&#10;Build info: version: &apos;4.27.0&apos;, revision: &apos;d6e718d134&apos;&#10;System info: os.name: &apos;Mac OS X&apos;, os.arch: &apos;x86_64&apos;, os.version: &apos;26.0.1&apos;, java.version: &apos;24.0.2&apos;&#10;Driver info: io.appium.java_client.AppiumDriver&#10;Command: [null, newSession {capabilities=[Capabilities {appium:automationName: UiAutomator2, appium:browserName: Chrome, appium:chromedriverAutodownload: true, appium:deviceName: RZ8T31G8AMT, appium:forceAppLaunch: true, appium:noReset: true, platformName: ANDROID}]}]&#10;Capabilities {appium:automationName: UiAutomator2, appium:browserName: Chrome, appium:chromedriverAutodownload: true, appium:deviceName: RZ8T31G8AMT, appium:forceAppLaunch: true, appium:noReset: true, platformName: ANDROID}" type="org.openqa.selenium.SessionNotCreatedException"><![CDATA[org.openqa.selenium.SessionNotCreatedException: 
Could not start a new session. Response code 500. Message: No Chromedriver found that can automate Chrome '140.0.7339'. You could also try to enable automated chromedrivers download as a possible workaround. 
Host info: host: 'Apples-MacBook-Pro-2.local', ip: 'fe80:0:0:0:8b2:fe82:97ca:d201%en0'
Build info: version: '4.27.0', revision: 'd6e718d134'
System info: os.name: 'Mac OS X', os.arch: 'x86_64', os.version: '26.0.1', java.version: '24.0.2'
Driver info: io.appium.java_client.AppiumDriver
Command: [null, newSession {capabilities=[Capabilities {appium:automationName: UiAutomator2, appium:browserName: Chrome, appium:chromedriverAutodownload: true, appium:deviceName: RZ8T31G8AMT, appium:forceAppLaunch: true, appium:noReset: true, platformName: ANDROID}]}]
Capabilities {appium:automationName: UiAutomator2, appium:browserName: Chrome, appium:chromedriverAutodownload: true, appium:deviceName: RZ8T31G8AMT, appium:forceAppLaunch: true, appium:noReset: true, platformName: ANDROID}
]]></failure>
    <system-out><![CDATA[Driver initialization started ******************
]]></system-out>
    <system-err><![CDATA[SLF4J(W): No SLF4J providers were found.
SLF4J(W): Defaulting to no-operation (NOP) logger implementation
SLF4J(W): See https://www.slf4j.org/codes.html#noProviders for further details.
]]></system-err>
  </testcase>
</testsuite>