<?xml version="1.0" encoding="UTF-8"?>
<testng-results ignored="0" total="0" passed="0" failed="0" skipped="0">
  <reporter-output>
  </reporter-output>
  <suite started-at="2025-10-06T11:18:39 IST" name="Surefire suite" finished-at="2025-10-06T11:18:47 IST" duration-ms="8077">
    <groups>
      <group name="cucumber">
        <method signature="AbstractTestNGCucumberTests.runScenario(io.cucumber.testng.PickleWrapper,io.cucumber.testng.FeatureWrapper)[pri:0, instance:runner.TestRunner@2928854b]" name="runScenario" class="io.cucumber.testng.AbstractTestNGCucumberTests"/>
      </group> <!-- cucumber -->
    </groups>
    <test started-at="2025-10-06T11:18:39 IST" name="Surefire test" finished-at="2025-10-06T11:18:47 IST" duration-ms="8077">
      <class name="runner.TestRunner">
        <test-method is-config="true" signature="setUpClass(org.testng.ITestContext)[pri:0, instance:runner.TestRunner@2928854b]" started-at="2025-10-06T11:18:39 IST" name="setUpClass" finished-at="2025-10-06T11:18:47 IST" duration-ms="8049" status="FAIL">
          <params>
            <param index="0">
              <value>
                <![CDATA[org.testng.TestRunner@7668d560]]>
              </value>
            </param>
          </params>
          <exception class="org.openqa.selenium.SessionNotCreatedException">
            <message>
              <![CDATA[Could not start a new session. Response code 500. Message: No Chromedriver found that can automate Chrome '140.0.7339'. You could also try to enable automated chromedrivers download as a possible workaround. 
Host info: host: 'Apples-MacBook-Pro-2.local', ip: 'fe80:0:0:0:8b2:fe82:97ca:d201%en0'
Build info: version: '4.27.0', revision: 'd6e718d134'
System info: os.name: 'Mac OS X', os.arch: 'x86_64', os.version: '26.0.1', java.version: '24.0.2'
Driver info: io.appium.java_client.AppiumDriver
Command: [null, newSession {capabilities=[Capabilities {appium:automationName: UiAutomator2, appium:browserName: Chrome, appium:chromedriverAutodownload: true, appium:deviceName: RZ8T31G8AMT, appium:forceAppLaunch: true, appium:noReset: true, platformName: ANDROID}]}]
Capabilities {appium:automationName: UiAutomator2, appium:browserName: Chrome, appium:chromedriverAutodownload: true, appium:deviceName: RZ8T31G8AMT, appium:forceAppLaunch: true, appium:noReset: true, platformName: ANDROID}]]>
            </message>
            <full-stacktrace>
              <![CDATA[org.openqa.selenium.SessionNotCreatedException: Could not start a new session. Response code 500. Message: No Chromedriver found that can automate Chrome '140.0.7339'. You could also try to enable automated chromedrivers download as a possible workaround. 
Host info: host: 'Apples-MacBook-Pro-2.local', ip: 'fe80:0:0:0:8b2:fe82:97ca:d201%en0'
Build info: version: '4.27.0', revision: 'd6e718d134'
System info: os.name: 'Mac OS X', os.arch: 'x86_64', os.version: '26.0.1', java.version: '24.0.2'
Driver info: io.appium.java_client.AppiumDriver
Command: [null, newSession {capabilities=[Capabilities {appium:automationName: UiAutomator2, appium:browserName: Chrome, appium:chromedriverAutodownload: true, appium:deviceName: RZ8T31G8AMT, appium:forceAppLaunch: true, appium:noReset: true, platformName: ANDROID}]}]
Capabilities {appium:automationName: UiAutomator2, appium:browserName: Chrome, appium:chromedriverAutodownload: true, appium:deviceName: RZ8T31G8AMT, appium:forceAppLaunch: true, appium:noReset: true, platformName: ANDROID}
at org.openqa.selenium.remote.ProtocolHandshake.createSession(ProtocolHandshake.java:114)
at org.openqa.selenium.remote.ProtocolHandshake.createSession(ProtocolHandshake.java:75)
at org.openqa.selenium.remote.ProtocolHandshake.createSession(ProtocolHandshake.java:61)
at io.appium.java_client.remote.AppiumCommandExecutor.createSession(AppiumCommandExecutor.java:176)
at io.appium.java_client.remote.AppiumCommandExecutor.execute(AppiumCommandExecutor.java:237)
at org.openqa.selenium.remote.RemoteWebDriver.execute(RemoteWebDriver.java:545)
at io.appium.java_client.AppiumDriver.startSession(AppiumDriver.java:270)
at org.openqa.selenium.remote.RemoteWebDriver.<init>(RemoteWebDriver.java:174)
at io.appium.java_client.AppiumDriver.<init>(AppiumDriver.java:91)
at io.appium.java_client.AppiumDriver.<init>(AppiumDriver.java:103)
at hooks.Hooks.initializeDriver(Hooks.java:82)
at hooks.Hooks.initilize(Hooks.java:34)
]]>
            </full-stacktrace>
          </exception> <!-- org.openqa.selenium.SessionNotCreatedException -->
          <reporter-output>
          </reporter-output>
        </test-method> <!-- setUpClass -->
        <test-method is-config="true" signature="tearDownClass()[pri:0, instance:runner.TestRunner@2928854b]" started-at="2025-10-06T11:18:47 IST" name="tearDownClass" finished-at="2025-10-06T11:18:47 IST" duration-ms="2" status="PASS">
          <reporter-output>
          </reporter-output>
        </test-method> <!-- tearDownClass -->
      </class> <!-- runner.TestRunner -->
    </test> <!-- Surefire test -->
  </suite> <!-- Surefire suite -->
</testng-results>
