<?xml version="1.0" encoding="UTF-8"?>
<!-- Generated by org.testng.reporters.JUnitReportReporter -->
<testsuite hostname="Apples-MacBook-Pro-2.local" failures="0" tests="1" name="runner.TestRunner" time="8.049" errors="1" timestamp="2025-10-06T11:18:47 IST" skipped="0">
  <testcase classname="runner.TestRunner" name="setUpClass" time="8.049">
    <error message="Could not start a new session. Response code 500. Message: No Chromedriver found that can automate Chrome &#039;140.0.7339&#039;. You could also try to enable automated chromedrivers download as a possible workaround. 
Host info: host: &#039;Apples-MacBook-Pro-2.local&#039;, ip: &#039;fe80:0:0:0:8b2:fe82:97ca:d201%en0&#039;
Build info: version: &#039;4.27.0&#039;, revision: &#039;d6e718d134&#039;
System info: os.name: &#039;Mac OS X&#039;, os.arch: &#039;x86_64&#039;, os.version: &#039;26.0.1&#039;, java.version: &#039;24.0.2&#039;
Driver info: io.appium.java_client.AppiumDriver
Command: [null, newSession {capabilities=[Capabilities {appium:automationName: UiAutomator2, appium:browserName: Chrome, appium:chromedriverAutodownload: true, appium:deviceName: RZ8T31G8AMT, appium:forceAppLaunch: true, appium:noReset: true, platformName: ANDROID}]}]
Capabilities {appium:automationName: UiAutomator2, appium:browserName: Chrome, appium:chromedriverAutodownload: true, appium:deviceName: RZ8T31G8AMT, appium:forceAppLaunch: true, appium:noReset: true, platformName: ANDROID}" type="org.openqa.selenium.SessionNotCreatedException">
      <![CDATA[org.openqa.selenium.SessionNotCreatedException: Could not start a new session. Response code 500. Message: No Chromedriver found that can automate Chrome '140.0.7339'. You could also try to enable automated chromedrivers download as a possible workaround. 
Host info: host: 'Apples-MacBook-Pro-2.local', ip: 'fe80:0:0:0:8b2:fe82:97ca:d201%en0'
Build info: version: '4.27.0', revision: 'd6e718d134'
System info: os.name: 'Mac OS X', os.arch: 'x86_64', os.version: '26.0.1', java.version: '24.0.2'
Driver info: io.appium.java_client.AppiumDriver
Command: [null, newSession {capabilities=[Capabilities {appium:automationName: UiAutomator2, appium:browserName: Chrome, appium:chromedriverAutodownload: true, appium:deviceName: RZ8T31G8AMT, appium:forceAppLaunch: true, appium:noReset: true, platformName: ANDROID}]}]
Capabilities {appium:automationName: UiAutomator2, appium:browserName: Chrome, appium:chromedriverAutodownload: true, appium:deviceName: RZ8T31G8AMT, appium:forceAppLaunch: true, appium:noReset: true, platformName: ANDROID}
at org.openqa.selenium.remote.ProtocolHandshake.createSession(ProtocolHandshake.java:114)
at org.openqa.selenium.remote.ProtocolHandshake.createSession(ProtocolHandshake.java:75)
at org.openqa.selenium.remote.ProtocolHandshake.createSession(ProtocolHandshake.java:61)
at io.appium.java_client.remote.AppiumCommandExecutor.createSession(AppiumCommandExecutor.java:176)
at io.appium.java_client.remote.AppiumCommandExecutor.execute(AppiumCommandExecutor.java:237)
at org.openqa.selenium.remote.RemoteWebDriver.execute(RemoteWebDriver.java:545)
at io.appium.java_client.AppiumDriver.startSession(AppiumDriver.java:270)
at org.openqa.selenium.remote.RemoteWebDriver.<init>(RemoteWebDriver.java:174)
at io.appium.java_client.AppiumDriver.<init>(AppiumDriver.java:91)
at io.appium.java_client.AppiumDriver.<init>(AppiumDriver.java:103)
at hooks.Hooks.initializeDriver(Hooks.java:82)
at hooks.Hooks.initilize(Hooks.java:34)
]]>
    </error>
  </testcase> <!-- setUpClass -->
</testsuite> <!-- runner.TestRunner -->
